Using pre-set license

 COMMAND LINE ARGUMENTS:
/Applications/Unity/Hub/Editor/2020.3.1f1/Unity.app/Contents/MacOS/Unity
-adb2
-batchMode
-noUpm
-name
AssetImportWorker0
-projectPath
/Volumes/SSD 850 2/Aplicaciones SSD/unity_proyects/candyCrush_p
-logFile
Logs/AssetImportWorker0.log
-srvPort
49346
Successfully changed project path to: /Volumes/SSD 850 2/Aplicaciones SSD/unity_proyects/candyCrush_p
/Volumes/SSD 850 2/Aplicaciones SSD/unity_proyects/candyCrush_p
Using Asset Import Pipeline V2.
Refreshing native plugins compatible for Editor in 32.88 ms, found 2 plugins.
Preloading 0 native plugins for Editor in 0.00 ms.
Initialize engine version: 2020.3.1f1 (77a89f25062f)
[Subsystems] Discovering subsystems at path /Applications/Unity/Hub/Editor/2020.3.1f1/Unity.app/Contents/Resources/UnitySubsystems
[Subsystems] Discovering subsystems at path /Volumes/SSD 850 2/Aplicaciones SSD/unity_proyects/candyCrush_p/Assets
GfxDevice: creating device client; threaded=0
2021-03-28 01:07:47.320 Unity[894:32565] (null) preferred device: Apple M1 (high power)
2021-03-28 01:07:47.320 Unity[894:32565] Metal devices available: 1
2021-03-28 01:07:47.320 Unity[894:32565] 0: Apple M1 (high power)
2021-03-28 01:07:47.320 Unity[894:32565] Using device Apple M1 (high power)
Initializing Metal device caps: Apple M1
Initialize mono
Mono path[0] = '/Applications/Unity/Hub/Editor/2020.3.1f1/Unity.app/Contents/Managed'
Mono path[1] = '/Applications/Unity/Hub/Editor/2020.3.1f1/Unity.app/Contents/MonoBleedingEdge/lib/mono/unityjit'
Mono config path = '/Applications/Unity/Hub/Editor/2020.3.1f1/Unity.app/Contents/MonoBleedingEdge/etc'
Using monoOptions --debugger-agent=transport=dt_socket,embedding=1,server=y,suspend=n,address=127.0.0.1:56894
Begin MonoManager ReloadAssembly
Registering precompiled unity dll's ...
Register platform support module: /Applications/Unity/Hub/Editor/2020.3.1f1/Unity.app/Contents/PlaybackEngines/MacStandaloneSupport/UnityEditor.OSXStandalone.Extensions.dll
Registered in 0.001078 seconds.
Native extension for OSXStandalone target not found
Refreshing native plugins compatible for Editor in 36.19 ms, found 2 plugins.
Preloading 0 native plugins for Editor in 0.00 ms.
Invoked RoslynAnalysisRunner static constructor.
RoslynAnalysisRunner will not be running.
RoslynAnalysisRunner has terminated.
Mono: successfully reloaded assembly
- Completed reload, in  2.785 seconds
Platform modules already initialized, skipping
Registering precompiled user dll's ...
Registered in 0.002210 seconds.
Begin MonoManager ReloadAssembly
Native extension for OSXStandalone target not found
Refreshing native plugins compatible for Editor in 37.04 ms, found 2 plugins.
Preloading 0 native plugins for Editor in 0.00 ms.
Invoked RoslynAnalysisRunner static constructor.
RoslynAnalysisRunner will not be running.
RoslynAnalysisRunner has terminated.
Mono: successfully reloaded assembly
- Completed reload, in  2.208 seconds
Platform modules already initialized, skipping
========================================================================
Worker process is ready to serve import requests
Launching external process: /Applications/Unity/Hub/Editor/2020.3.1f1/Unity.app/Contents/Tools/UnityShaderCompiler
Launched and connected shader compiler UnityShaderCompiler after 0.04 seconds
Refreshing native plugins compatible for Editor in 0.34 ms, found 2 plugins.
Preloading 0 native plugins for Editor in 0.00 ms.
Unloading 1809 Unused Serialized files (Serialized files now loaded: 0)
System memory in use before: 148.2 MB.
System memory in use after: 148.2 MB.

Unloading 24 unused Assets to reduce memory usage. Loaded Objects now: 2252.
Total: 2.604292 ms (FindLiveObjects: 0.286375 ms CreateObjectMapping: 0.038250 ms MarkObjects: 2.145583 ms  DeleteObjects: 0.132875 ms)

========================================================================
Received Import Request.
  path: Assets/Scrips/GUIManager.cs
  artifactKey: Guid(163e733e74a2b40e184407677f61a12a) Importer(815301076,1909f56bfc062723c751e8b465ee728b)
Start importing Assets/Scrips/GUIManager.cs using Guid(163e733e74a2b40e184407677f61a12a) Importer(815301076,1909f56bfc062723c751e8b465ee728b)  -> (artifact id: 'a2b65f87864047e9027a5af23eb7ff72') in 0.265993 seconds
  Import took 0.270148 seconds .

========================================================================
Received Prepare
Registering precompiled user dll's ...
Registered in 0.001536 seconds.
Begin MonoManager ReloadAssembly
Native extension for OSXStandalone target not found
Refreshing native plugins compatible for Editor in 0.38 ms, found 2 plugins.
Preloading 0 native plugins for Editor in 0.00 ms.
Invoked RoslynAnalysisRunner static constructor.
RoslynAnalysisRunner will not be running.
RoslynAnalysisRunner has terminated.
Mono: successfully reloaded assembly
- Completed reload, in  1.918 seconds
Platform modules already initialized, skipping
Refreshing native plugins compatible for Editor in 0.32 ms, found 2 plugins.
Preloading 0 native plugins for Editor in 0.00 ms.
Unloading 1804 Unused Serialized files (Serialized files now loaded: 0)
System memory in use before: 152.6 MB.
System memory in use after: 152.6 MB.

Unloading 12 unused Assets to reduce memory usage. Loaded Objects now: 2256.
Total: 1.524000 ms (FindLiveObjects: 0.186292 ms CreateObjectMapping: 0.036750 ms MarkObjects: 1.204166 ms  DeleteObjects: 0.095708 ms)

========================================================================
Received Import Request.
  Time since last request: 244.819193 seconds.
  path: Assets/Scrips/GUIManager.cs
  artifactKey: Guid(163e733e74a2b40e184407677f61a12a) Importer(815301076,1909f56bfc062723c751e8b465ee728b)
Start importing Assets/Scrips/GUIManager.cs using Guid(163e733e74a2b40e184407677f61a12a) Importer(815301076,1909f56bfc062723c751e8b465ee728b)  -> (artifact id: '7e5353f5c2a99ebc4491ada74fc28d91') in 0.015880 seconds
  Import took 0.018236 seconds .

========================================================================
Received Import Request.
  Time since last request: 0.002061 seconds.
  path: Assets/Scrips/GUIManager.cs
  artifactKey: Guid(163e733e74a2b40e184407677f61a12a) Importer(815301076,1909f56bfc062723c751e8b465ee728b)
Start importing Assets/Scrips/GUIManager.cs using Guid(163e733e74a2b40e184407677f61a12a) Importer(815301076,1909f56bfc062723c751e8b465ee728b)  -> (artifact id: '7e5353f5c2a99ebc4491ada74fc28d91') in 0.005654 seconds
  Import took 0.009142 seconds .

========================================================================
Received Import Request.
  Time since last request: 29.444681 seconds.
  path: Assets/Scrips/Tablero_manager.cs
  artifactKey: Guid(e40d5a03804774d81b0fd9ccd20a57d4) Importer(815301076,1909f56bfc062723c751e8b465ee728b)
Start importing Assets/Scrips/Tablero_manager.cs using Guid(e40d5a03804774d81b0fd9ccd20a57d4) Importer(815301076,1909f56bfc062723c751e8b465ee728b)  -> (artifact id: '8e8361223fb8129bd393e49738d8a470') in 0.003527 seconds
  Import took 0.006225 seconds .

========================================================================
Received Import Request.
  Time since last request: 0.003313 seconds.
  path: Assets/Scrips/Tablero_manager.cs
  artifactKey: Guid(e40d5a03804774d81b0fd9ccd20a57d4) Importer(815301076,1909f56bfc062723c751e8b465ee728b)
Start importing Assets/Scrips/Tablero_manager.cs using Guid(e40d5a03804774d81b0fd9ccd20a57d4) Importer(815301076,1909f56bfc062723c751e8b465ee728b)  -> (artifact id: '8e8361223fb8129bd393e49738d8a470') in 0.002272 seconds
  Import took 0.007514 seconds .

========================================================================
Received Prepare
Registering precompiled user dll's ...
Registered in 0.001421 seconds.
Begin MonoManager ReloadAssembly
Native extension for OSXStandalone target not found
Refreshing native plugins compatible for Editor in 0.32 ms, found 2 plugins.
Preloading 0 native plugins for Editor in 0.00 ms.
Invoked RoslynAnalysisRunner static constructor.
RoslynAnalysisRunner will not be running.
RoslynAnalysisRunner has terminated.
Mono: successfully reloaded assembly
- Completed reload, in  1.617 seconds
Platform modules already initialized, skipping
Refreshing native plugins compatible for Editor in 0.27 ms, found 2 plugins.
Preloading 0 native plugins for Editor in 0.00 ms.
Unloading 1804 Unused Serialized files (Serialized files now loaded: 0)
System memory in use before: 152.8 MB.
System memory in use after: 152.8 MB.

Unloading 12 unused Assets to reduce memory usage. Loaded Objects now: 2260.
Total: 1.391458 ms (FindLiveObjects: 0.108708 ms CreateObjectMapping: 0.035750 ms MarkObjects: 1.162417 ms  DeleteObjects: 0.083958 ms)

========================================================================
Received Prepare
Registering precompiled user dll's ...
Registered in 0.001539 seconds.
Begin MonoManager ReloadAssembly
Native extension for OSXStandalone target not found
Refreshing native plugins compatible for Editor in 0.29 ms, found 2 plugins.
Preloading 0 native plugins for Editor in 0.00 ms.
Invoked RoslynAnalysisRunner static constructor.
RoslynAnalysisRunner will not be running.
RoslynAnalysisRunner has terminated.
Mono: successfully reloaded assembly
- Completed reload, in  1.697 seconds
Platform modules already initialized, skipping
Refreshing native plugins compatible for Editor in 0.31 ms, found 2 plugins.
Preloading 0 native plugins for Editor in 0.00 ms.
Unloading 1804 Unused Serialized files (Serialized files now loaded: 0)
System memory in use before: 153.1 MB.
System memory in use after: 153.1 MB.

Unloading 12 unused Assets to reduce memory usage. Loaded Objects now: 2264.
Total: 1.409333 ms (FindLiveObjects: 0.128084 ms CreateObjectMapping: 0.036792 ms MarkObjects: 1.156208 ms  DeleteObjects: 0.087291 ms)

========================================================================
Received Prepare
Registering precompiled user dll's ...
Registered in 0.000575 seconds.
Begin MonoManager ReloadAssembly
Native extension for OSXStandalone target not found
Refreshing native plugins compatible for Editor in 0.30 ms, found 2 plugins.
Preloading 0 native plugins for Editor in 0.00 ms.
Invoked RoslynAnalysisRunner static constructor.
RoslynAnalysisRunner will not be running.
RoslynAnalysisRunner has terminated.
Mono: successfully reloaded assembly
- Completed reload, in  1.608 seconds
Platform modules already initialized, skipping
Refreshing native plugins compatible for Editor in 0.25 ms, found 2 plugins.
Preloading 0 native plugins for Editor in 0.00 ms.
Unloading 1804 Unused Serialized files (Serialized files now loaded: 0)
System memory in use before: 153.3 MB.
System memory in use after: 153.3 MB.

Unloading 12 unused Assets to reduce memory usage. Loaded Objects now: 2268.
Total: 1.519917 ms (FindLiveObjects: 0.200541 ms CreateObjectMapping: 0.044042 ms MarkObjects: 1.179791 ms  DeleteObjects: 0.094584 ms)

========================================================================
Received Prepare
Registering precompiled user dll's ...
Registered in 0.000372 seconds.
Begin MonoManager ReloadAssembly
Native extension for OSXStandalone target not found
Refreshing native plugins compatible for Editor in 0.30 ms, found 2 plugins.
Preloading 0 native plugins for Editor in 0.00 ms.
Invoked RoslynAnalysisRunner static constructor.
RoslynAnalysisRunner will not be running.
RoslynAnalysisRunner has terminated.
Mono: successfully reloaded assembly
- Completed reload, in  1.589 seconds
Platform modules already initialized, skipping
Refreshing native plugins compatible for Editor in 0.26 ms, found 2 plugins.
Preloading 0 native plugins for Editor in 0.00 ms.
Unloading 1804 Unused Serialized files (Serialized files now loaded: 0)
System memory in use before: 153.5 MB.
System memory in use after: 153.5 MB.

Unloading 12 unused Assets to reduce memory usage. Loaded Objects now: 2272.
Total: 1.372458 ms (FindLiveObjects: 0.101833 ms CreateObjectMapping: 0.035333 ms MarkObjects: 1.145417 ms  DeleteObjects: 0.088917 ms)

========================================================================
Received Prepare
Registering precompiled user dll's ...
Registered in 0.000404 seconds.
Begin MonoManager ReloadAssembly
Native extension for OSXStandalone target not found
Refreshing native plugins compatible for Editor in 0.29 ms, found 2 plugins.
Preloading 0 native plugins for Editor in 0.00 ms.
Invoked RoslynAnalysisRunner static constructor.
RoslynAnalysisRunner will not be running.
RoslynAnalysisRunner has terminated.
Mono: successfully reloaded assembly
- Completed reload, in  1.711 seconds
Platform modules already initialized, skipping
Refreshing native plugins compatible for Editor in 0.35 ms, found 2 plugins.
Preloading 0 native plugins for Editor in 0.00 ms.
Unloading 1804 Unused Serialized files (Serialized files now loaded: 0)
System memory in use before: 153.7 MB.
System memory in use after: 153.7 MB.

Unloading 12 unused Assets to reduce memory usage. Loaded Objects now: 2276.
Total: 1.392084 ms (FindLiveObjects: 0.106750 ms CreateObjectMapping: 0.034958 ms MarkObjects: 1.153000 ms  DeleteObjects: 0.096458 ms)

